<?xml version="1.0" encoding="UTF-8"?>
<!-- Generated by org.testng.reporters.JUnitXMLReporter -->
<testsuite ignored="0" hostname="Oraib" failures="0" tests="3" name="Default test" time="21.981" errors="0" timestamp="2023-02-23T11:25:04 GMT+02:00">
  <testcase classname="myTestCases" name="Check_The_Title" time="0.049"/>
  <testcase classname="myTestCases" name="Validation_the_contact_from_information" time="3.907"/>
  <testcase classname="myTestCases" name="check_the_image_drawer" time="0.777"/>
</testsuite> <!-- Default test -->
