<?xml version="1.0" encoding="UTF-8"?>
<testng-results ignored="0" total="3" passed="3" failed="0" skipped="0">
  <reporter-output>
  </reporter-output>
  <suite started-at="2023-02-23T11:24:42 GMT+02:00" name="Default suite" finished-at="2023-02-23T11:25:04 GMT+02:00" duration-ms="21981">
    <groups>
    </groups>
    <test started-at="2023-02-23T11:24:42 GMT+02:00" name="Default test" finished-at="2023-02-23T11:25:04 GMT+02:00" duration-ms="21981">
      <class name="myTestCases">
        <test-method is-config="true" signature="pre_my_test()[pri:0, instance:myTestCases@222545dc]" started-at="2023-02-23T11:24:42 GMT+02:00" name="pre_my_test" finished-at="2023-02-23T11:24:59 GMT+02:00" duration-ms="17173" status="PASS">
          <reporter-output>
          </reporter-output>
        </test-method> <!-- pre_my_test -->
        <test-method signature="Check_The_Title()[pri:0, instance:myTestCases@222545dc]" started-at="2023-02-23T11:24:59 GMT+02:00" name="Check_The_Title" finished-at="2023-02-23T11:24:59 GMT+02:00" duration-ms="49" status="PASS">
          <reporter-output>
          </reporter-output>
        </test-method> <!-- Check_The_Title -->
        <test-method signature="Validation_the_contact_from_information()[pri:0, instance:myTestCases@222545dc]" started-at="2023-02-23T11:24:59 GMT+02:00" name="Validation_the_contact_from_information" finished-at="2023-02-23T11:25:03 GMT+02:00" duration-ms="3907" status="PASS">
          <reporter-output>
          </reporter-output>
        </test-method> <!-- Validation_the_contact_from_information -->
        <test-method signature="check_the_image_drawer()[pri:0, instance:myTestCases@222545dc]" started-at="2023-02-23T11:25:03 GMT+02:00" name="check_the_image_drawer" finished-at="2023-02-23T11:25:03 GMT+02:00" duration-ms="777" status="PASS">
          <reporter-output>
          </reporter-output>
        </test-method> <!-- check_the_image_drawer -->
      </class> <!-- myTestCases -->
    </test> <!-- Default test -->
  </suite> <!-- Default suite -->
</testng-results>
